<?xml version="1.0" encoding="UTF-8"?>
<testsuite xmlns:xsi="http://www.w3.org/2001/XMLSchema-instance" xsi:noNamespaceSchemaLocation="https://maven.apache.org/surefire/maven-surefire-plugin/xsd/surefire-test-report.xsd" name="com.ustl.eskap.app.controller.EskapControllerTest" time="0.013" tests="5" errors="0" skipped="0" failures="0">
  <properties>
[...]
</properties>
  <testcase name="getAllEscapeGames_shouldCallTheService" classname="com.ustl.eskap.app.controller.EskapControllerTest" time="0.007"/>
  <testcase name="getAllEskaps_shouldBeAnnotated" classname="com.ustl.eskap.app.controller.EskapControllerTest" time="0.001"/>
  <testcase name="eskapController_shouldBeAnnotated" classname="com.ustl.eskap.app.controller.EskapControllerTest" time="0.001"/>
  <testcase name="getEscapeGame_shouldCallTheService" classname="com.ustl.eskap.app.controller.EskapControllerTest" time="0.002"/>
  <testcase name="getEskapFromId_shouldBeAnnotated" classname="com.ustl.eskap.app.controller.EskapControllerTest" time="0.001"/>
</testsuite>